<?xml version="1.0" encoding="UTF-8"?>
<!-- Generated by org.testng.reporters.JUnitReportReporter -->
<testsuite hostname="DESKTOP-V1QK6RN" failures="0" tests="1" name="maven1.Test1" time="2.362" errors="0" timestamp="2022-04-06T18:54:50 IST" skipped="0">
  <testcase classname="maven1.Test1" name="log" time="2.362"/>
  <system-out/>
</testsuite> <!-- maven1.Test1 -->
