<?xml version="1.0" encoding="UTF-8"?>
<!-- Generated by org.testng.reporters.JUnitReportReporter -->
<testsuite hostname="DESKTOP-V1QK6RN" failures="0" tests="1" name="maven1.Test1" time="4.527" errors="0" timestamp="2022-04-05T13:47:27 IST" skipped="0">
  <testcase classname="maven1.Test1" name="log" time="4.527"/>
  <system-out/>
</testsuite> <!-- maven1.Test1 -->
